<?xml version="1.0" encoding="UTF-8"?>
<testsuite xmlns:xsi="http://www.w3.org/2001/XMLSchema-instance" xsi:noNamespaceSchemaLocation="https://maven.apache.org/surefire/maven-surefire-plugin/xsd/surefire-test-report-3.0.xsd" version="3.0" name="ProductsTest" time="2.391" tests="2" errors="0" skipped="0" failures="0">
  <properties>
[...]
</properties>
  <testcase name="deveRetornarOProdudoPorID" classname="ProductsTest" time="1.026">
    <system-out><![CDATA[HTTP/1.1 200 OK
{
    "id": 192,
    "title": "Rolex Datejust Women",
    "description": "The Rolex Datejust Women's watch is an iconic timepiece designed for women. With a timeless design and a date complication, it offers both elegance and functionality.",
    "category": "womens-watches",
    "price": 10999.99,
    "discountPercentage": 15.94,
    "rating": 2.86,
    "stock": 4,
    "tags": [
        "watches",
        "luxury watches",
        "women's watches"
    ],
    "brand": "Rolex",
    "sku": "WOM-ROL-ROL-192",
    "weight": 3,
    "dimensions": {
        "width": 23.23,
        "height": 7.19,
        "depth": 28.95
    },
    "warrantyInformation": "5 year warranty",
    "shippingInformation": "Ships in 2 weeks",
    "availabilityStatus": "Low Stock",
    "reviews": [
        {
            "rating": 3,
            "comment": "Not as described!",
            "date": "2025-04-30T09:41:02.054Z",
            "reviewerName": "Benjamin Wilson",
            "reviewerEmail": "benjamin.wilson@x.dummyjson.com"
        },
        {
            "rating": 5,
            "comment": "Highly impressed!",
            "date": "2025-04-30T09:41:02.054Z",
            "reviewerName": "Madison Collins",
            "reviewerEmail": "madison.collins@x.dummyjson.com"
        },
        {
            "rating": 4,
            "comment": "Very satisfied!",
            "date": "2025-04-30T09:41:02.054Z",
            "reviewerName": "Lucas Gray",
            "reviewerEmail": "lucas.gray@x.dummyjson.com"
        }
    ],
    "returnPolicy": "No return policy",
    "minimumOrderQuantity": 1,
    "meta": {
        "createdAt": "2025-04-30T09:41:02.054Z",
        "updatedAt": "2025-04-30T09:41:02.054Z",
        "barcode": "1265605585958",
        "qrCode": "https://cdn.dummyjson.com/public/qr-code.png"
    },
    "images": [
        "https://cdn.dummyjson.com/product-images/womens-watches/rolex-datejust-women/1.webp",
        "https://cdn.dummyjson.com/product-images/womens-watches/rolex-datejust-women/2.webp",
        "https://cdn.dummyjson.com/product-images/womens-watches/rolex-datejust-women/3.webp"
    ],
    "thumbnail": "https://cdn.dummyjson.com/product-images/womens-watches/rolex-datejust-women/thumbnail.webp"
}
]]></system-out>
  </testcase>
  <testcase name="deveRetornarTodosOsProdutos" classname="ProductsTest" time="1.242"/>
</testsuite>