<?xml version="1.0" encoding="UTF-8"?>
<testsuite xmlns:xsi="http://www.w3.org/2001/XMLSchema-instance" xsi:noNamespaceSchemaLocation="https://maven.apache.org/surefire/maven-surefire-plugin/xsd/surefire-test-report-3.0.xsd" version="3.0" name="LoginTest" time="1.827" tests="3" errors="0" skipped="0" failures="0">
  <properties>
[...]
</properties>
  <testcase name="deveTentarLogarComNomeDeUsarioInvalid" classname="LoginTest" time="0.489">
    <system-out><![CDATA[HTTP/1.1 400 Bad Request
Access-Control-Allow-Origin: *
Content-Length: 33
Content-Type: application/json; charset=utf-8
Date: Thu, 12 Jun 2025 10:30:06 GMT
Etag: W/"21-dBEoW0UmTF+EGUMaprEp9/8zNNA"
Server: railway-edge
Strict-Transport-Security: max-age=15552000; includeSubDomains
Vary: Accept-Encoding
X-Content-Type-Options: nosniff
X-Dns-Prefetch-Control: off
X-Download-Options: noopen
X-Frame-Options: SAMEORIGIN
X-Powered-By: Cats on Keyboards
X-Railway-Edge: railway/us-east4-eqdc4a
X-Railway-Request-Id: ar9aXHOSTLqkUJdBCx5-qw
X-Ratelimit-Limit: 100
X-Ratelimit-Remaining: 97
X-Ratelimit-Reset: 1749724212
X-Xss-Protection: 1; mode=block

{
    "message": "Invalid credentials"
}
Erro: usuário inválido
]]></system-out>
  </testcase>
  <testcase name="deveFazerLoginERetornarUmTokenValido" classname="LoginTest" time="0.617">
    <system-out><![CDATA[HTTP/1.1 200 OK
Access-Control-Allow-Origin: *
Content-Length: 930
Content-Type: application/json; charset=utf-8
Date: Thu, 12 Jun 2025 10:30:07 GMT
Etag: W/"3a2-0kO0R2rocwdce9Xa23im/O6/NCE"
Server: railway-edge
Set-Cookie: accessToken=eyJhbGciOiJIUzI1NiIsInR5cCI6IkpXVCJ9.eyJpZCI6MSwidXNlcm5hbWUiOiJlbWlseXMiLCJlbWFpbCI6ImVtaWx5LmpvaG5zb25AeC5kdW1teWpzb24uY29tIiwiZmlyc3ROYW1lIjoiRW1pbHkiLCJsYXN0TmFtZSI6IkpvaG5zb24iLCJnZW5kZXIiOiJmZW1hbGUiLCJpbWFnZSI6Imh0dHBzOi8vZHVtbXlqc29uLmNvbS9pY29uL2VtaWx5cy8xMjgiLCJpYXQiOjE3NDk3MjQyMDcsImV4cCI6MTc0OTcyNzgwN30.9xWA6NO2fOSNd-aBL9aAMNqD8IFgYdAtQ2-FrWcOLiI; Max-Age=3600; Path=/; Expires=Thu, 12 Jun 2025 11:30:07 GMT; HttpOnly; Secure
Set-Cookie: refreshToken=eyJhbGciOiJIUzI1NiIsInR5cCI6IkpXVCJ9.eyJpZCI6MSwidXNlcm5hbWUiOiJlbWlseXMiLCJlbWFpbCI6ImVtaWx5LmpvaG5zb25AeC5kdW1teWpzb24uY29tIiwiZmlyc3ROYW1lIjoiRW1pbHkiLCJsYXN0TmFtZSI6IkpvaG5zb24iLCJnZW5kZXIiOiJmZW1hbGUiLCJpbWFnZSI6Imh0dHBzOi8vZHVtbXlqc29uLmNvbS9pY29uL2VtaWx5cy8xMjgiLCJpYXQiOjE3NDk3MjQyMDcsImV4cCI6MTc1MjMxNjIwN30.p6MnNKvi-QzbSbDjRChP9Kd5h1UBVT5N4sFLxYEB3X0; Max-Age=3600; Path=/; Expires=Thu, 12 Jun 2025 11:30:07 GMT; HttpOnly; Secure
Strict-Transport-Security: max-age=15552000; includeSubDomains
Vary: Accept-Encoding
X-Content-Type-Options: nosniff
X-Dns-Prefetch-Control: off
X-Download-Options: noopen
X-Frame-Options: SAMEORIGIN
X-Powered-By: Cats on Keyboards
X-Railway-Edge: railway/us-east4-eqdc4a
X-Railway-Request-Id: i1h13NYcSrK2fql0g4a9AQ
X-Ratelimit-Limit: 100
X-Ratelimit-Remaining: 96
X-Ratelimit-Reset: 1749724212
X-Xss-Protection: 1; mode=block

{
    "accessToken": "eyJhbGciOiJIUzI1NiIsInR5cCI6IkpXVCJ9.eyJpZCI6MSwidXNlcm5hbWUiOiJlbWlseXMiLCJlbWFpbCI6ImVtaWx5LmpvaG5zb25AeC5kdW1teWpzb24uY29tIiwiZmlyc3ROYW1lIjoiRW1pbHkiLCJsYXN0TmFtZSI6IkpvaG5zb24iLCJnZW5kZXIiOiJmZW1hbGUiLCJpbWFnZSI6Imh0dHBzOi8vZHVtbXlqc29uLmNvbS9pY29uL2VtaWx5cy8xMjgiLCJpYXQiOjE3NDk3MjQyMDcsImV4cCI6MTc0OTcyNzgwN30.9xWA6NO2fOSNd-aBL9aAMNqD8IFgYdAtQ2-FrWcOLiI",
    "refreshToken": "eyJhbGciOiJIUzI1NiIsInR5cCI6IkpXVCJ9.eyJpZCI6MSwidXNlcm5hbWUiOiJlbWlseXMiLCJlbWFpbCI6ImVtaWx5LmpvaG5zb25AeC5kdW1teWpzb24uY29tIiwiZmlyc3ROYW1lIjoiRW1pbHkiLCJsYXN0TmFtZSI6IkpvaG5zb24iLCJnZW5kZXIiOiJmZW1hbGUiLCJpbWFnZSI6Imh0dHBzOi8vZHVtbXlqc29uLmNvbS9pY29uL2VtaWx5cy8xMjgiLCJpYXQiOjE3NDk3MjQyMDcsImV4cCI6MTc1MjMxNjIwN30.p6MnNKvi-QzbSbDjRChP9Kd5h1UBVT5N4sFLxYEB3X0",
    "id": 1,
    "username": "emilys",
    "email": "emily.johnson@x.dummyjson.com",
    "firstName": "Emily",
    "lastName": "Johnson",
    "gender": "female",
    "image": "https://dummyjson.com/icon/emilys/128"
}
]]></system-out>
  </testcase>
  <testcase name="deveTentarLogarComSenhaInvalida" classname="LoginTest" time="0.611">
    <system-out><![CDATA[HTTP/1.1 400 Bad Request
Access-Control-Allow-Origin: *
Content-Length: 33
Content-Type: application/json; charset=utf-8
Date: Thu, 12 Jun 2025 10:30:08 GMT
Etag: W/"21-dBEoW0UmTF+EGUMaprEp9/8zNNA"
Server: railway-edge
Strict-Transport-Security: max-age=15552000; includeSubDomains
Vary: Accept-Encoding
X-Content-Type-Options: nosniff
X-Dns-Prefetch-Control: off
X-Download-Options: noopen
X-Frame-Options: SAMEORIGIN
X-Powered-By: Cats on Keyboards
X-Railway-Edge: railway/us-east4-eqdc4a
X-Railway-Request-Id: kzy-pN16RZaz9_tBg4a9AQ
X-Ratelimit-Limit: 100
X-Ratelimit-Remaining: 95
X-Ratelimit-Reset: 1749724212
X-Xss-Protection: 1; mode=block

{
    "message": "Invalid credentials"
}
Erro: senha inválida
]]></system-out>
  </testcase>
</testsuite>